RGRS=    1.0000    1.7000    1.7000    1.7000    1.7000    1.7000    1.5655    1.4310    1.2965    1.1620    1.0275    1.0275
REVS=   1328.70   2258.79   3839.94   6527.90  11097.44  18865.64  29534.16  42263.38  54794.48  63671.19  65422.15  67221.27
EOMS=   -0.0165   -0.0023    0.0118    0.0260    0.0401    0.0543    0.0684    0.0826    0.0967    0.1109    0.1250    0.1250
EOIS=    -21.86     -5.21     45.46    169.62    445.33   1023.91   2020.70   3489.45   5299.15   7058.26   8177.77   8402.66
TAXR=      0.00      0.00      0.00      0.00      0.00      0.00      0.07      0.14      0.21      0.28      0.35      0.35
NOLS=      0.00      5.21      0.00      0.00      0.00      0.00      0.00      0.00      0.00      0.00      0.00      0.00
EATS=      0.00     -5.21     45.46    169.62    445.33   1023.91   1879.25   3000.93   4186.33   5081.94   5315.55   5461.73
RINS=      0.00    659.64   1121.39   1906.35   3240.80   5509.37   7566.33   9027.82   8887.30   6295.54   1241.82   1877.47
FCFS=      0.00   -664.85  -1075.93  -1736.74  -2795.48  -4485.45  -5687.07  -6026.89  -4700.97  -1213.60   4073.73   3584.26
COCS=    1.0000    1.1003    1.1003    1.1003    1.1003    1.1003    1.0962    1.0922    1.0881    1.0841    1.0800    1.0800
CDFS=    1.0000    0.9088    0.8260    0.7507    0.6823    0.6201    0.5656    0.5179    0.4760    0.4391    0.4065    0.3764
PVFS=      0.00   -604.24   -888.71  -1303.77  -1907.27  -2781.32  -3216.83  -3121.32  -2237.46   -532.83   1656.09   1349.17
 Terminal Value =    68271.5391    
 PV (term val)  =    27754.3145    
 PV (CF decade) =   -14937.6621    
 PV Sum         =    12816.6523    
 Prob failure   =   0.100000001    
 Failure proceed=    6407.14990    
 Val Oper Ass   =    12175.7012    
 Val of equity  =    11799.7012    
 Val of options =    3644.96997    
 Val of common  =    8154.73145    
 Num shares     =    121.449997    
 Est val per shr=    67.1447678    
 Share price    =    168.759995    
 SP as % val    =    251.337524    
