RGRS=    1.0000    1.4500    1.4500    1.4500    1.4500    1.4500    1.3650    1.2800    1.1950    1.1100    1.0250    1.0250
REVS=    973.93   1412.20   2047.69   2969.15   4305.26   6242.63   8521.19  10907.13  13034.02  14467.76  14829.45  15200.19
EOMS=   -0.0348   -0.0064    0.0221    0.0506    0.0791    0.1076    0.1361    0.1645    0.1930    0.2215    0.2500    0.2500
EOIS=    -33.94     -8.99     45.30    150.26    340.51    671.56   1159.40   1794.72   2515.96   3204.83   3707.36   3800.05
TAXR=      0.30      0.30      0.30      0.30      0.30      0.30      0.32      0.34      0.36      0.38      0.40      0.40
NOLS=      0.00      8.99      0.00      0.00      0.00      0.00      0.00      0.00      0.00      0.00      0.00      0.00
EATS=      0.00     -8.99     34.40    105.18    238.36    470.09    788.39   1184.51   1610.21   1986.99   2224.42   2280.03
RINS=      0.00    175.31    254.20    368.58    534.45    774.95    911.42    954.37    850.76    573.50    144.68    475.01
FCFS=      0.00   -184.29   -219.79   -263.40   -296.09   -304.86   -123.03    230.14    759.46   1413.50   2079.74   1805.02
COCS=    1.0000    1.1090    1.1090    1.1090    1.1090    1.1090    1.1032    1.0974    1.0916    1.0858    1.0800    1.0800
CDFS=    1.0000    0.9017    0.8131    0.7332    0.6611    0.5961    0.5404    0.4924    0.4511    0.4154    0.3847    0.3562
PVFS=      0.00   -166.18   -178.71   -193.12   -195.75   -181.74    -66.48    113.32    342.58    587.23    800.01    642.90
 Terminal Value =    32818.5625    
 PV (term val)  =    12624.2490    
 PV (CF decade) =    861.160217    
 PV Sum         =    13485.4092    
 Prob failure   =    0.00000000    
 Failure proceed=    0.00000000    
 Val Oper Ass   =    13485.4092    
 Val of equity  =    14798.4092    
 Val of options =    1381.39001    
 Val of common  =    13417.0195    
 Num shares     =    595.609985    
 Est val per shr=    22.5265179    
 Share price    =    42.9399986    
 SP as % val    =    190.619781    
